<?xml version="1.0" encoding="UTF-8"?>
<testng-results ignored="0" total="3" passed="3" failed="0" skipped="0">
  <reporter-output>
  </reporter-output>
  <suite started-at="2024-11-07T14:55:30 IST" name="Default suite" finished-at="2024-11-07T14:56:04 IST" duration-ms="34133">
    <groups>
    </groups>
    <test started-at="2024-11-07T14:55:30 IST" name="Default test" finished-at="2024-11-07T14:56:04 IST" duration-ms="34133">
      <class name="com.saucedemo.testcases.TC_Login_Excel_ExtentReport">
        <test-method signature="loginTest(java.lang.String,java.lang.String)[pri:0, instance:com.saucedemo.testcases.TC_Login_Excel_ExtentReport@7d61eb55]" started-at="2024-11-07T14:55:30 IST" name="loginTest" data-provider="login" finished-at="2024-11-07T14:55:38 IST" duration-ms="7877" status="PASS">
          <params>
            <param index="0">
              <value>
                <![CDATA[standard_user]]>
              </value>
            </param>
            <param index="1">
              <value>
                <![CDATA[secret_sauce]]>
              </value>
            </param>
          </params>
          <reporter-output>
          </reporter-output>
        </test-method> <!-- loginTest -->
        <test-method signature="loginTest(java.lang.String,java.lang.String)[pri:0, instance:com.saucedemo.testcases.TC_Login_Excel_ExtentReport@7d61eb55]" started-at="2024-11-07T14:55:38 IST" name="loginTest" data-provider="login" finished-at="2024-11-07T14:55:50 IST" duration-ms="11758" status="PASS">
          <params>
            <param index="0">
              <value>
                <![CDATA[performance_glitch_user]]>
              </value>
            </param>
            <param index="1">
              <value>
                <![CDATA[secret_sauce]]>
              </value>
            </param>
          </params>
          <reporter-output>
          </reporter-output>
        </test-method> <!-- loginTest -->
        <test-method signature="loginTest(java.lang.String,java.lang.String)[pri:0, instance:com.saucedemo.testcases.TC_Login_Excel_ExtentReport@7d61eb55]" started-at="2024-11-07T14:55:50 IST" name="loginTest" data-provider="login" finished-at="2024-11-07T14:56:04 IST" duration-ms="13963" status="PASS">
          <params>
            <param index="0">
              <value>
                <![CDATA[locked_out_user]]>
              </value>
            </param>
            <param index="1">
              <value>
                <![CDATA[secret_sauce]]>
              </value>
            </param>
          </params>
          <reporter-output>
          </reporter-output>
        </test-method> <!-- loginTest -->
      </class> <!-- com.saucedemo.testcases.TC_Login_Excel_ExtentReport -->
    </test> <!-- Default test -->
  </suite> <!-- Default suite -->
</testng-results>
