<?xml version="1.0" encoding="UTF-8"?>
<!-- Generated by org.testng.reporters.JUnitXMLReporter -->
<testsuite ignored="0" hostname="ASCINLAP60892" failures="0" tests="3" name="Default test" time="34.133" errors="0" timestamp="2024-11-07T14:56:04 IST">
  <testcase classname="com.saucedemo.testcases.TC_Login_Excel_ExtentReport" name="loginTest" time="7.877"/>
  <testcase classname="com.saucedemo.testcases.TC_Login_Excel_ExtentReport" name="loginTest" time="11.758"/>
  <testcase classname="com.saucedemo.testcases.TC_Login_Excel_ExtentReport" name="loginTest" time="13.963"/>
</testsuite> <!-- Default test -->
